<?xml version="1.0" encoding="UTF-8"?>
<testsuites name="TSC01" time="5.693" tests="1" failures="0" errors="0">
   <testsuite name="TS01" tests="1" failures="0" errors="0" time="3.288" skipped="0" timestamp="09-04-2025T16:35:17" hostname="nimisha.sharma - L032.ostarasystems.com" id="Test Suites/TS01">
      <properties>
         <property name="deviceName" value=""/>
         <property name="devicePlatform"/>
         <property name="logFolder" value="C:\\Users\\Nimisha.Sharma\\git\\TestTrial\\Reports\\20250409_163459\\TS01\\20250409_163504"/>
         <property name="logFiles" value="C:\\Users\\Nimisha.Sharma\\git\\TestTrial\\Reports\\20250409_163459\\TS01\\20250409_163504\\execution0.log"/>
         <property name="attachments" value=""/>
         <property name="hostName" value="nimisha.sharma - L032.ostarasystems.com"/>
         <property name="os" value="Windows 11 64bit"/>
         <property name="katalonVersion" value="10.1.1.0"/>
         <property name="browser" value="Chrome 135.0.7049.42"/>
         <property name="hostAddress" value="192.168.1.90"/>
         <property name="sessionId" value="f434a5ff1a5f38acef78fc3a6088e935"/>
         <property name="seleniumVersion" value="4.22.0"/>
         <property name="proxyInformation" value="ProxyInformation { proxyOption=NO_PROXY, proxyServerType=HTTP, username=, password=********, proxyServerAddress=, proxyServerPort=0, executionList=&quot;&quot;, isApplyToDesiredCapabilities=true }"/>
         <property name="platform" value="Windows 11"/>
      </properties>
      <testcase name="Test Cases/TC01" time="3.093" classname="Test Cases/TC01" status="PASSED">
         <system-out><![CDATA[09-04-2025T16:35:17 - [TEST_CASE][PASSED] - Test Cases/TC01: Test Cases/TC01

09-04-2025T16:35:17 - [TEST_STEP][PASSED] - openBrowser("https://instance13-test-ostara.ostarasystems.net"): Browser is opened with url: 'https://instance13-test-ostara.ostarasystems.net'

09-04-2025T16:35:17 - [MESSAGE][INFO] - Starting 'Chrome' driver

09-04-2025T16:35:17 - [MESSAGE][INFO] - Action delay is set to 0 milliseconds

09-04-2025T16:35:20 - [MESSAGE][PASSED] - Browser is opened with url: 'https://instance13-test-ostara.ostarasystems.net']]></system-out>
         <system-err><![CDATA[]]></system-err>
      </testcase>
      <system-out><![CDATA[09-04-2025T16:35:17 - [TEST_SUITE][PASSED] - TS01: Test Cases/TC01]]></system-out>
      <system-err><![CDATA[]]></system-err>
   </testsuite>
</testsuites>
